<?xml version="1.0" encoding="UTF-8"?>
<!-- Generated by org.testng.reporters.JUnitReportReporter -->
<testsuite hostname="QSINBNB118" failures="0" tests="1" name="basic.automation.topic.to.learn.Formy" time="5.683" errors="0" timestamp="8 Mar 2022 08:30:53 GMT">
  <testcase classname="basic.automation.topic.to.learn.Formy" name="formyTest" time="5.683"/>
</testsuite> <!-- basic.automation.topic.to.learn.Formy -->
