<?xml version="1.0" encoding="UTF-8"?>
<!-- Generated by org.testng.reporters.JUnitReportReporter -->
<testsuite hostname="QSINBNB118" name="test.ClearTest" tests="1" failures="0" timestamp="25 Feb 2022 08:55:41 GMT" time="114.181" errors="0">
  <testcase name="clear_text_box" time="114.181" classname="test.ClearTest"/>
</testsuite> <!-- test.ClearTest -->
