<?xml version="1.0" encoding="UTF-8"?>
<!-- Generated by org.testng.reporters.JUnitReportReporter -->
<testsuite hostname="QSINBNB118" name="basics.Ran" tests="1" failures="0" timestamp="23 Feb 2022 09:36:25 GMT" time="24.321" errors="0">
  <testcase name="Test" time="24.321" classname="basics.Ran"/>
</testsuite> <!-- basics.Ran -->
