<?xml version="1.0" encoding="UTF-8"?>
<!-- Generated by org.testng.reporters.JUnitReportReporter -->
<testsuite hostname="QSINBNB118" failures="0" tests="1" name="basic.automation.topic.to.learn.CompleteWebForm" time="427.494" errors="0" timestamp="7 Mar 2022 15:32:04 GMT">
  <testcase classname="basic.automation.topic.to.learn.CompleteWebForm" name="completeWebForm" time="427.494"/>
</testsuite> <!-- basic.automation.topic.to.learn.CompleteWebForm -->
