<?xml version="1.0" encoding="UTF-8"?>
<!-- Generated by org.testng.reporters.JUnitReportReporter -->
<testsuite hostname="QSINBNB118" name="test.TestDropdwon" tests="1" failures="0" timestamp="27 Feb 2022 10:14:41 GMT" time="29.567" errors="0">
  <testcase name="tableTest" time="29.567" classname="test.TestDropdwon"/>
</testsuite> <!-- test.TestDropdwon -->
